2026-02-14 09:16:11 [main] INFO  com.taskflow.DemoApplication - Starting DemoApplication using Java 17.0.12 with PID 24536 (C:\Users\HP\Desktop\taskflow\taskflow\target\classes started by HP in C:\Users\HP\Desktop\taskflow\taskflow)
2026-02-14 09:16:11 [main] DEBUG com.taskflow.DemoApplication - Running with Spring Boot v3.5.10, Spring v6.2.15
2026-02-14 09:16:11 [main] INFO  com.taskflow.DemoApplication - No active profile set, falling back to 1 default profile: "default"
2026-02-14 09:16:12 [main] INFO  o.a.coyote.http11.Http11NioProtocol - Initializing ProtocolHandler ["http-nio-8080"]
2026-02-14 09:16:12 [main] INFO  o.a.catalina.core.StandardService - Starting service [Tomcat]
2026-02-14 09:16:12 [main] INFO  o.a.catalina.core.StandardEngine - Starting Servlet engine: [Apache Tomcat/10.1.50]
2026-02-14 09:16:12 [main] INFO  o.a.c.c.C.[Tomcat].[localhost].[/] - Initializing Spring embedded WebApplicationContext
2026-02-14 09:16:12 [main] INFO  com.zaxxer.hikari.HikariDataSource - HikariPool-1 - Starting...
2026-02-14 09:16:13 [main] INFO  com.zaxxer.hikari.pool.HikariPool - HikariPool-1 - Added connection org.postgresql.jdbc.PgConnection@27d73d22
2026-02-14 09:16:13 [main] INFO  com.zaxxer.hikari.HikariDataSource - HikariPool-1 - Start completed.
2026-02-14 09:16:16 [main] INFO  o.a.coyote.http11.Http11NioProtocol - Starting ProtocolHandler ["http-nio-8080"]
2026-02-14 09:16:16 [main] INFO  com.taskflow.DemoApplication - Started DemoApplication in 5.614 seconds (process running for 5.888)
2026-02-14 09:20:17 [http-nio-8080-exec-2] INFO  o.a.c.c.C.[Tomcat].[localhost].[/] - Initializing Spring DispatcherServlet 'dispatcherServlet'
2026-02-14 09:20:18 [http-nio-8080-exec-2] INFO  c.taskflow.controller.TaskController - POST /api/tasks - Creating task: Task 1
2026-02-14 09:20:18 [http-nio-8080-exec-2] INFO  c.taskflow.service.TaskServiceImpl - Creating new task with name: Task 1
2026-02-14 09:20:18 [http-nio-8080-exec-2] INFO  c.taskflow.service.TaskServiceImpl - Task created successfully with ID: 7
2026-02-14 09:20:29 [http-nio-8080-exec-1] INFO  c.taskflow.controller.TaskController - POST /api/tasks - Creating task: Task 2
2026-02-14 09:20:29 [http-nio-8080-exec-1] INFO  c.taskflow.service.TaskServiceImpl - Creating new task with name: Task 2
2026-02-14 09:20:29 [http-nio-8080-exec-1] INFO  c.taskflow.service.TaskServiceImpl - Task created successfully with ID: 8
2026-02-14 09:20:45 [http-nio-8080-exec-3] INFO  c.taskflow.controller.TaskController - POST /api/tasks - Creating task: Task 3
2026-02-14 09:20:45 [http-nio-8080-exec-3] INFO  c.taskflow.service.TaskServiceImpl - Creating new task with name: Task 3
2026-02-14 09:20:45 [http-nio-8080-exec-3] INFO  c.taskflow.service.TaskServiceImpl - Task created successfully with ID: 9
2026-02-14 09:21:03 [http-nio-8080-exec-4] INFO  c.taskflow.controller.TaskController - POST /api/tasks - Creating task: Task 4
2026-02-14 09:21:03 [http-nio-8080-exec-4] INFO  c.taskflow.service.TaskServiceImpl - Creating new task with name: Task 4
2026-02-14 09:21:03 [http-nio-8080-exec-4] INFO  c.taskflow.service.TaskServiceImpl - Task created successfully with ID: 10
2026-02-14 09:21:25 [http-nio-8080-exec-6] INFO  c.taskflow.controller.TaskController - POST /api/tasks - Creating task: Task 5
2026-02-14 09:21:25 [http-nio-8080-exec-6] INFO  c.taskflow.service.TaskServiceImpl - Creating new task with name: Task 5
2026-02-14 09:21:25 [http-nio-8080-exec-6] INFO  c.taskflow.service.TaskServiceImpl - Task created successfully with ID: 11
2026-02-14 09:22:21 [http-nio-8080-exec-7] INFO  c.taskflow.controller.TaskController - GET /api/tasks/paginated - Page: 0, Size: 2, SortBy: id, Direction: ASC
2026-02-14 09:22:21 [http-nio-8080-exec-7] DEBUG c.taskflow.service.TaskServiceImpl - Fetching paginated tasks - Page: 0, Size: 2
2026-02-14 09:22:22 [http-nio-8080-exec-7] INFO  c.taskflow.service.TaskServiceImpl - Retrieved 2 tasks out of 9 total
2026-02-14 09:22:22 [http-nio-8080-exec-7] INFO  c.taskflow.controller.TaskController - Returning 2 tasks out of 9 total
2026-02-14 09:23:57 [http-nio-8080-exec-8] INFO  c.taskflow.controller.TaskController - GET /api/tasks/paginated - Page: 1, Size: 2, SortBy: id, Direction: ASC
2026-02-14 09:23:57 [http-nio-8080-exec-8] DEBUG c.taskflow.service.TaskServiceImpl - Fetching paginated tasks - Page: 1, Size: 2
2026-02-14 09:23:57 [http-nio-8080-exec-8] INFO  c.taskflow.service.TaskServiceImpl - Retrieved 2 tasks out of 9 total
2026-02-14 09:23:57 [http-nio-8080-exec-8] INFO  c.taskflow.controller.TaskController - Returning 2 tasks out of 9 total
2026-02-14 09:26:12 [http-nio-8080-exec-9] INFO  c.taskflow.controller.TaskController - GET /api/tasks/paginated - Page: 0, Size: 2, SortBy: priority, Direction: DESC
2026-02-14 09:26:12 [http-nio-8080-exec-9] DEBUG c.taskflow.service.TaskServiceImpl - Fetching paginated tasks - Page: 0, Size: 2
2026-02-14 09:26:12 [http-nio-8080-exec-9] INFO  c.taskflow.service.TaskServiceImpl - Retrieved 2 tasks out of 9 total
2026-02-14 09:26:12 [http-nio-8080-exec-9] INFO  c.taskflow.controller.TaskController - Returning 2 tasks out of 9 total
